<?xml version="1.0" encoding="UTF-8"?>
<!-- Generated by org.testng.reporters.JUnitXMLReporter -->
<testsuite ignored="0" hostname="LAPTOP-D2JMKFA9" failures="0" tests="7" name="Test" time="10.438" errors="0" timestamp="2025-04-16T17:15:02 IST">
  <testcase classname="testngExamples.FirstTestcase" name="openApp" time="0.009"/>
  <testcase classname="testngExamples.FirstTestcase" name="login" time="0.001"/>
  <testcase classname="testngExamples.FirstTestcase" name="logout" time="0.001"/>
  <testcase classname="testngExamples.OrangeHRM" name="openApp" time="7.752"/>
  <testcase classname="testngExamples.OrangeHRM" name="testLogo" time="0.817"/>
  <testcase classname="testngExamples.OrangeHRM" name="testLogin" time="1.568"/>
  <testcase classname="testngExamples.OrangeHRM" name="closeApp" time="0.225"/>
</testsuite> <!-- Test -->
